<?xml version="1.0" encoding="UTF-8"?>
<!-- Generated by org.testng.reporters.JUnitXMLReporter -->
<testsuite hostname="DESKTOP-9CT65DP" ignored="0" name="Test Suite" tests="5" failures="0" timestamp="07 May 2018 05:28:25 GMT" time="16.993" errors="0">
  <testcase name="Allmediany_SignUpPage_TestCase" time="14.25" classname="testCases.Allmediany_SignUpPage_Test"/>
  <testcase name="Allmediany_SignUpPage_TestCase" time="0.005" classname="testCases.Allmediany_SignUpPage_Test">
    <skipped/>
  </testcase> <!-- Allmediany_SignUpPage_TestCase -->
  <testcase name="Allmediany_SignUpPage_TestCase" time="0.01" classname="testCases.Allmediany_SignUpPage_Test">
    <skipped/>
  </testcase> <!-- Allmediany_SignUpPage_TestCase -->
  <testcase name="Allmediany_SignUpPage_TestCase" time="0.004" classname="testCases.Allmediany_SignUpPage_Test">
    <skipped/>
  </testcase> <!-- Allmediany_SignUpPage_TestCase -->
  <testcase name="Allmediany_SignUpPage_TestCase" time="0.003" classname="testCases.Allmediany_SignUpPage_Test">
    <skipped/>
  </testcase> <!-- Allmediany_SignUpPage_TestCase -->
</testsuite> <!-- Test Suite -->
